[dotenv@17.2.3] injecting env (7) from .env -- tip: 🔐 prevent committing .env to code: https://dotenvx.com/precommit
[dotenv@17.2.3] injecting env (0) from .env -- tip: 🔄 add secrets lifecycle management: https://dotenvx.com/ops
MongoDB Connected
Server running with Socket on PORT: 8000
User connected: -MfdRQsZJL5Lj13DAAAB
User connected: junrns8-zGOhW662AAAD
User disconnected: -MfdRQsZJL5Lj13DAAAB
User connected: MFZLmhrf1Vbjd88TAAAF
User disconnected: MFZLmhrf1Vbjd88TAAAF
User disconnected: junrns8-zGOhW662AAAD
User connected: Q7wrABJUYiLWF1WOAAAH
User disconnected: Q7wrABJUYiLWF1WOAAAH
User connected: ZzWur2wg0CIoRI9sAAAJ
User connected: ODd9VPVeSE-kHpGiAAAL
User disconnected: ZzWur2wg0CIoRI9sAAAJ
User connected: 0C9Q4bGSKR3CAHYMAAAN
User disconnected: 0C9Q4bGSKR3CAHYMAAAN
User connected: oKqKzhorHgiM4OrwAAAP
User disconnected: oKqKzhorHgiM4OrwAAAP
User connected: Fxp7s1yO1rXFsPKvAAAR
